0 info it worked if it ends with ok
1 verbose cli [ 'node', '/usr/local/bin/npm', 'install', '-g', 'grunt-karma' ]
2 info using npm@1.4.28
3 info using node@v0.10.35
4 verbose cache add [ 'grunt-karma', null ]
5 verbose cache add name=undefined spec="grunt-karma" args=["grunt-karma",null]
6 verbose parsed url { protocol: null,
6 verbose parsed url   slashes: null,
6 verbose parsed url   auth: null,
6 verbose parsed url   host: null,
6 verbose parsed url   port: null,
6 verbose parsed url   hostname: null,
6 verbose parsed url   hash: null,
6 verbose parsed url   search: null,
6 verbose parsed url   query: null,
6 verbose parsed url   pathname: 'grunt-karma',
6 verbose parsed url   path: 'grunt-karma',
6 verbose parsed url   href: 'grunt-karma' }
7 silly lockFile 707ccff9-grunt-karma grunt-karma
8 verbose lock grunt-karma /Users/bakkiraju/.npm/707ccff9-grunt-karma.lock
9 silly lockFile 707ccff9-grunt-karma grunt-karma
10 silly lockFile 707ccff9-grunt-karma grunt-karma
11 verbose addNamed [ 'grunt-karma', '' ]
12 verbose addNamed [ null, '*' ]
13 silly lockFile 94531edb-grunt-karma grunt-karma@
14 verbose lock grunt-karma@ /Users/bakkiraju/.npm/94531edb-grunt-karma.lock
15 silly addNameRange { name: 'grunt-karma', range: '*', hasData: false }
16 verbose request where is /grunt-karma
17 verbose request registry https://registry.npmjs.org/
18 verbose request id 244887b11c84fee4
19 verbose url raw /grunt-karma
20 verbose url resolving [ 'https://registry.npmjs.org/', './grunt-karma' ]
21 verbose url resolved https://registry.npmjs.org/grunt-karma
22 verbose request where is https://registry.npmjs.org/grunt-karma
23 info trying registry request attempt 1 at 21:38:37
24 http GET https://registry.npmjs.org/grunt-karma
25 http 200 https://registry.npmjs.org/grunt-karma
26 silly registry.get cb [ 200,
26 silly registry.get   { server: 'CouchDB/1.5.0 (Erlang OTP/R16B03)',
26 silly registry.get     etag: '"B1VYIKC5CSBU9C1XK83OKY1IH"',
26 silly registry.get     'content-type': 'application/json',
26 silly registry.get     'cache-control': 'max-age=60',
26 silly registry.get     'content-length': '43675',
26 silly registry.get     'accept-ranges': 'bytes',
26 silly registry.get     date: 'Wed, 06 May 2015 04:38:38 GMT',
26 silly registry.get     via: '1.1 varnish',
26 silly registry.get     age: '0',
26 silly registry.get     connection: 'keep-alive',
26 silly registry.get     'x-served-by': 'cache-sjc3130-SJC',
26 silly registry.get     'x-cache': 'HIT',
26 silly registry.get     'x-cache-hits': '1',
26 silly registry.get     'x-timer': 'S1430887118.143498,VS0,VE360',
26 silly registry.get     vary: 'Accept' } ]
27 silly addNameRange number 2 { name: 'grunt-karma', range: '*', hasData: true }
28 silly addNameRange versions [ 'grunt-karma',
28 silly addNameRange   [ '0.3.0',
28 silly addNameRange     '0.4.0',
28 silly addNameRange     '0.4.1',
28 silly addNameRange     '0.4.2',
28 silly addNameRange     '0.4.3',
28 silly addNameRange     '0.4.4',
28 silly addNameRange     '0.5.0',
28 silly addNameRange     '0.4.5',
28 silly addNameRange     '0.5.1',
28 silly addNameRange     '0.5.2',
28 silly addNameRange     '0.4.6',
28 silly addNameRange     '0.5.3',
28 silly addNameRange     '0.5.4',
28 silly addNameRange     '0.6.0',
28 silly addNameRange     '0.6.1',
28 silly addNameRange     '0.7.0',
28 silly addNameRange     '0.6.2',
28 silly addNameRange     '0.7.1',
28 silly addNameRange     '0.7.2',
28 silly addNameRange     '0.7.3',
28 silly addNameRange     '0.8.0',
28 silly addNameRange     '0.8.1',
28 silly addNameRange     '0.8.2',
28 silly addNameRange     '0.8.3',
28 silly addNameRange     '0.9.0',
28 silly addNameRange     '0.10.0',
28 silly addNameRange     '0.10.1' ] ]
29 verbose addNamed [ 'grunt-karma', '0.10.1' ]
30 verbose addNamed [ '0.10.1', '0.10.1' ]
31 silly lockFile ea61fc97-grunt-karma-0-10-1 grunt-karma@0.10.1
32 verbose lock grunt-karma@0.10.1 /Users/bakkiraju/.npm/ea61fc97-grunt-karma-0-10-1.lock
33 silly lockFile 0aeb8b14-unt-karma-grunt-karma-0-10-1-tgz https://registry.npmjs.org/grunt-karma/-/grunt-karma-0.10.1.tgz
34 verbose lock https://registry.npmjs.org/grunt-karma/-/grunt-karma-0.10.1.tgz /Users/bakkiraju/.npm/0aeb8b14-unt-karma-grunt-karma-0-10-1-tgz.lock
35 verbose addRemoteTarball [ 'https://registry.npmjs.org/grunt-karma/-/grunt-karma-0.10.1.tgz',
35 verbose addRemoteTarball   '255fae402bb04409cf95c6ac77e8c1968934924b' ]
36 info retry fetch attempt 1 at 21:38:38
37 verbose fetch to= /var/folders/lm/81_jpp897rj_lx3g5hq2hqsc0000gr/T/npm-43224-3Eiwe5Bz/registry.npmjs.org/grunt-karma/-/grunt-karma-0.10.1.tgz
38 http GET https://registry.npmjs.org/grunt-karma/-/grunt-karma-0.10.1.tgz
39 http 200 https://registry.npmjs.org/grunt-karma/-/grunt-karma-0.10.1.tgz
40 silly lockFile 0aeb8b14-unt-karma-grunt-karma-0-10-1-tgz https://registry.npmjs.org/grunt-karma/-/grunt-karma-0.10.1.tgz
41 silly lockFile 0aeb8b14-unt-karma-grunt-karma-0-10-1-tgz https://registry.npmjs.org/grunt-karma/-/grunt-karma-0.10.1.tgz
42 silly lockFile ea61fc97-grunt-karma-0-10-1 grunt-karma@0.10.1
43 silly lockFile ea61fc97-grunt-karma-0-10-1 grunt-karma@0.10.1
44 silly lockFile 94531edb-grunt-karma grunt-karma@
45 silly lockFile 94531edb-grunt-karma grunt-karma@
46 silly resolved [ { name: 'grunt-karma',
46 silly resolved     version: '0.10.1',
46 silly resolved     description: 'grunt plugin for karma test runner',
46 silly resolved     main: 'tasks/grunt-karma.js',
46 silly resolved     repository:
46 silly resolved      { type: 'git',
46 silly resolved        url: 'https://github.com/karma-runner/grunt-karma.git' },
46 silly resolved     keywords: [ 'gruntplugin', 'karma', 'grunt', 'test', 'unit', 'runner', 'TDD' ],
46 silly resolved     scripts: { test: 'grunt test' },
46 silly resolved     author: { name: 'Dave Geddes' },
46 silly resolved     license: 'MIT',
46 silly resolved     dependencies: { lodash: '~2.4.1' },
46 silly resolved     devDependencies:
46 silly resolved      { 'coffee-script': '~1.8.0',
46 silly resolved        'expect.js': '^0.3.1',
46 silly resolved        grunt: '~0.4.3',
46 silly resolved        'grunt-auto-release': '0.0.6',
46 silly resolved        'grunt-bump': '0.0.16',
46 silly resolved        'grunt-contrib-jshint': '~0.10.0',
46 silly resolved        'grunt-contrib-watch': '~0.2.0',
46 silly resolved        'grunt-conventional-changelog': '~0.0.12',
46 silly resolved        'grunt-jscs-checker': '~0.6.1',
46 silly resolved        'grunt-npm': '0.0.2',
46 silly resolved        karma: '~0.12.0',
46 silly resolved        'karma-chrome-launcher': '~0.1.2',
46 silly resolved        'karma-firefox-launcher': '~0.1.3',
46 silly resolved        'karma-mocha': '~0.1.3' },
46 silly resolved     peerDependencies: { grunt: '0.4.x', karma: '~0.12.0' },
46 silly resolved     contributors:
46 silly resolved      [ [Object],
46 silly resolved        [Object],
46 silly resolved        [Object],
46 silly resolved        [Object],
46 silly resolved        [Object],
46 silly resolved        [Object],
46 silly resolved        [Object],
46 silly resolved        [Object],
46 silly resolved        [Object],
46 silly resolved        [Object],
46 silly resolved        [Object],
46 silly resolved        [Object],
46 silly resolved        [Object],
46 silly resolved        [Object],
46 silly resolved        [Object],
46 silly resolved        [Object],
46 silly resolved        [Object],
46 silly resolved        [Object],
46 silly resolved        [Object],
46 silly resolved        [Object],
46 silly resolved        [Object],
46 silly resolved        [Object],
46 silly resolved        [Object],
46 silly resolved        [Object] ],
46 silly resolved     gitHead: '5d2cfb3a565a7a892b8da696c20f6ea973b626cf',
46 silly resolved     bugs: { url: 'https://github.com/karma-runner/grunt-karma/issues' },
46 silly resolved     homepage: 'https://github.com/karma-runner/grunt-karma',
46 silly resolved     _id: 'grunt-karma@0.10.1',
46 silly resolved     _shasum: '255fae402bb04409cf95c6ac77e8c1968934924b',
46 silly resolved     _from: 'grunt-karma@',
46 silly resolved     _npmVersion: '2.1.9',
46 silly resolved     _nodeVersion: '0.10.33',
46 silly resolved     _npmUser: { name: 'dignifiedquire', email: 'dignifiedquire@gmail.com' },
46 silly resolved     maintainers: [ [Object], [Object], [Object], [Object] ],
46 silly resolved     dist:
46 silly resolved      { shasum: '255fae402bb04409cf95c6ac77e8c1968934924b',
46 silly resolved        tarball: 'http://registry.npmjs.org/grunt-karma/-/grunt-karma-0.10.1.tgz' },
46 silly resolved     directories: {},
46 silly resolved     _resolved: 'https://registry.npmjs.org/grunt-karma/-/grunt-karma-0.10.1.tgz' } ]
47 info install grunt-karma@0.10.1 into /usr/local/lib
48 info installOne grunt-karma@0.10.1
49 verbose lib/node_modules/grunt-karma unbuild
50 verbose tar unpack /Users/bakkiraju/.npm/grunt-karma/0.10.1/package.tgz
51 silly lockFile e300077f-cal-lib-node-modules-grunt-karma tar:///usr/local/lib/node_modules/grunt-karma
52 verbose lock tar:///usr/local/lib/node_modules/grunt-karma /Users/bakkiraju/.npm/e300077f-cal-lib-node-modules-grunt-karma.lock
53 silly lockFile 6c86f36a-m-grunt-karma-0-10-1-package-tgz tar:///Users/bakkiraju/.npm/grunt-karma/0.10.1/package.tgz
54 verbose lock tar:///Users/bakkiraju/.npm/grunt-karma/0.10.1/package.tgz /Users/bakkiraju/.npm/6c86f36a-m-grunt-karma-0-10-1-package-tgz.lock
55 silly gunzTarPerm modes [ '755', '644' ]
56 error Error: EACCES, mkdir '/usr/local/lib/node_modules/grunt-karma'
56 error  { [Error: EACCES, mkdir '/usr/local/lib/node_modules/grunt-karma']
56 error   errno: 3,
56 error   code: 'EACCES',
56 error   path: '/usr/local/lib/node_modules/grunt-karma',
56 error   fstream_type: 'Directory',
56 error   fstream_path: '/usr/local/lib/node_modules/grunt-karma',
56 error   fstream_class: 'DirWriter',
56 error   fstream_stack:
56 error    [ '/usr/local/lib/node_modules/npm/node_modules/fstream/lib/dir-writer.js:36:23',
56 error      '/usr/local/lib/node_modules/npm/node_modules/mkdirp/index.js:46:53',
56 error      'Object.oncomplete (fs.js:108:15)' ] }
57 error Please try running this command again as root/Administrator.
58 error System Darwin 14.1.0
59 error command "node" "/usr/local/bin/npm" "install" "-g" "grunt-karma"
60 error cwd /Applications/MAMP/htdocs/weather_app
61 error node -v v0.10.35
62 error npm -v 1.4.28
63 error path /usr/local/lib/node_modules/grunt-karma
64 error fstream_path /usr/local/lib/node_modules/grunt-karma
65 error fstream_type Directory
66 error fstream_class DirWriter
67 error code EACCES
68 error errno 3
69 error stack Error: EACCES, mkdir '/usr/local/lib/node_modules/grunt-karma'
70 error fstream_stack /usr/local/lib/node_modules/npm/node_modules/fstream/lib/dir-writer.js:36:23
70 error fstream_stack /usr/local/lib/node_modules/npm/node_modules/mkdirp/index.js:46:53
70 error fstream_stack Object.oncomplete (fs.js:108:15)
71 verbose exit [ 3, true ]
